<?xml version="1.0" encoding="utf-8"?><testsuite errors="0" failures="0" name="pytest" skips="0" tests="5" time="0.371"><testcase classname="pytest_harvest.tests.test_all" file="pytest_harvest/tests/test_all.py" line="21" name="test_run_all_tests[test_all_together.py]" time="0.05948519706726074"><system-out>
Testing that running pytest on file test_all_together.py results in {&apos;failed&apos;: 0, &apos;skipped&apos;: 0, &apos;passed&apos;: 9}
============================= test session starts ==============================
platform linux -- Python 3.5.6, pytest-2.9.2, py-1.6.0, pluggy-0.3.1
rootdir: /tmp/pytest-of-travis/pytest-0/testdir/test_run_all_tests0, inifile: 
plugins: logging-2015.11.4, html-1.9.0, harvest-0.6.0, cov-2.6.0
collected 9 items

test_run_all_tests.py .........

=========================== 9 passed in 0.03 seconds ===========================
</system-out></testcase><testcase classname="pytest_harvest.tests.test_all" file="pytest_harvest/tests/test_all.py" line="21" name="test_run_all_tests[test_saved_fixture_in_fixture.py]" time="0.04288148880004883"><system-out>
Testing that running pytest on file test_saved_fixture_in_fixture.py results in {&apos;failed&apos;: 0, &apos;passed&apos;: 2}
============================= test session starts ==============================
platform linux -- Python 3.5.6, pytest-2.9.2, py-1.6.0, pluggy-0.3.1
rootdir: /tmp/pytest-of-travis/pytest-0/testdir/test_run_all_tests1, inifile: 
plugins: logging-2015.11.4, html-1.9.0, harvest-0.6.0, cov-2.6.0
collected 2 items

test_run_all_tests.py ..

=========================== 2 passed in 0.02 seconds ===========================
</system-out></testcase><testcase classname="pytest_harvest.tests.test_all" file="pytest_harvest/tests/test_all.py" line="21" name="test_run_all_tests[test_results_bags.py]" time="0.04391312599182129"><system-out>
Testing that running pytest on file test_results_bags.py results in {&apos;failed&apos;: 0, &apos;skipped&apos;: 0, &apos;passed&apos;: 6}
============================= test session starts ==============================
platform linux -- Python 3.5.6, pytest-2.9.2, py-1.6.0, pluggy-0.3.1
rootdir: /tmp/pytest-of-travis/pytest-0/testdir/test_run_all_tests2, inifile: 
plugins: logging-2015.11.4, html-1.9.0, harvest-0.6.0, cov-2.6.0
collected 6 items

test_run_all_tests.py ......

=========================== 6 passed in 0.02 seconds ===========================
</system-out></testcase><testcase classname="pytest_harvest.tests.test_all" file="pytest_harvest/tests/test_all.py" line="21" name="test_run_all_tests[test_get_session_results.py]" time="0.09666895866394043"><system-out>
Testing that running pytest on file test_get_session_results.py results in {&apos;failed&apos;: 1, &apos;skipped&apos;: 1, &apos;passed&apos;: 9}
============================= test session starts ==============================
platform linux -- Python 3.5.6, pytest-2.9.2, py-1.6.0, pluggy-0.3.1
rootdir: /tmp/pytest-of-travis/pytest-0/testdir/test_run_all_tests3, inifile: 
plugins: logging-2015.11.4, html-1.9.0, harvest-0.6.0, cov-2.6.0
collected 11 items

test_run_all_tests.py ......sF...

=================================== FAILURES ===================================
_________________________________ test_failing _________________________________

    def test_failing():
&gt;       pytest.fail(&quot;normal, intended failure here&quot;)
E       Failed: normal, intended failure here

test_run_all_tests.py:110: Failed
================ 1 failed, 9 passed, 1 skipped in 0.07 seconds =================
</system-out></testcase><testcase classname="pytest_harvest.tests.test_all" file="pytest_harvest/tests/test_all.py" line="21" name="test_run_all_tests[test_saved_fixture_in_global_var.py]" time="0.04284858703613281"><system-out>
Testing that running pytest on file test_saved_fixture_in_global_var.py results in {&apos;failed&apos;: 0, &apos;passed&apos;: 2}
============================= test session starts ==============================
platform linux -- Python 3.5.6, pytest-2.9.2, py-1.6.0, pluggy-0.3.1
rootdir: /tmp/pytest-of-travis/pytest-0/testdir/test_run_all_tests4, inifile: 
plugins: logging-2015.11.4, html-1.9.0, harvest-0.6.0, cov-2.6.0
collected 2 items

test_run_all_tests.py ..

=========================== 2 passed in 0.02 seconds ===========================
</system-out></testcase></testsuite>