<?xml version="1.0" encoding="utf-8"?><testsuite errors="0" failures="0" name="pytest" skips="0" tests="44" time="5.938"><testcase classname="pytest_harvest.tests.test_all" file="pytest_harvest/tests/test_all.py" line="21" name="test_run_all_tests[test_all_together.py]" time="0.102752685546875"><system-out>
Testing that running pytest on file test_all_together.py results in {&apos;skipped&apos;: 0, &apos;passed&apos;: 9, &apos;failed&apos;: 0}
============================= test session starts ==============================
platform linux -- Python 3.5.6, pytest-3.10.1, py-1.7.0, pluggy-0.8.0
rootdir: /tmp/pytest-of-travis/pytest-0/test_run_all_tests0, inifile:
plugins: metadata-1.7.0, html-1.19.0, harvest-1.1.1.dev1+g74e53c9, cov-2.6.0
collected 9 items

test_run_all_tests.py .........                                          [100%]

=============================== warnings summary ===============================
test_run_all_tests.py:43
  test_run_all_tests.py:43: RemovedInPytest4Warning: While trying to determine id of parameter flatten at position 0 the following exception was raised:
    IndexError: tuple index out of range
  This warning will be an error error in pytest-4.0.
    @pytest.mark.parametrize(&apos;flatten, flatten_more&apos;, [(False, None), (True, None), (True, &apos;my_results&apos;)],
  test_run_all_tests.py:43: RemovedInPytest4Warning: While trying to determine id of parameter flatten_more at position 0 the following exception was raised:
    IndexError: tuple index out of range
  This warning will be an error error in pytest-4.0.
    @pytest.mark.parametrize(&apos;flatten, flatten_more&apos;, [(False, None), (True, None), (True, &apos;my_results&apos;)],
  test_run_all_tests.py:43: RemovedInPytest4Warning: While trying to determine id of parameter flatten at position 1 the following exception was raised:
    IndexError: tuple index out of range
  This warning will be an error error in pytest-4.0.
    @pytest.mark.parametrize(&apos;flatten, flatten_more&apos;, [(False, None), (True, None), (True, &apos;my_results&apos;)],
  test_run_all_tests.py:43: RemovedInPytest4Warning: While trying to determine id of parameter flatten_more at position 1 the following exception was raised:
    IndexError: tuple index out of range
  This warning will be an error error in pytest-4.0.
    @pytest.mark.parametrize(&apos;flatten, flatten_more&apos;, [(False, None), (True, None), (True, &apos;my_results&apos;)],
  test_run_all_tests.py:43: RemovedInPytest4Warning: While trying to determine id of parameter flatten at position 2 the following exception was raised:
    IndexError: tuple index out of range
  This warning will be an error error in pytest-4.0.
    @pytest.mark.parametrize(&apos;flatten, flatten_more&apos;, [(False, None), (True, None), (True, &apos;my_results&apos;)],
  test_run_all_tests.py:43: RemovedInPytest4Warning: While trying to determine id of parameter flatten_more at position 2 the following exception was raised:
    IndexError: tuple index out of range
  This warning will be an error error in pytest-4.0.
    @pytest.mark.parametrize(&apos;flatten, flatten_more&apos;, [(False, None), (True, None), (True, &apos;my_results&apos;)],

-- Docs: https://docs.pytest.org/en/latest/warnings.html
===================== 9 passed, 6 warnings in 0.05 seconds =====================
</system-out></testcase><testcase classname="pytest_harvest.tests.test_all" file="pytest_harvest/tests/test_all.py" line="21" name="test_run_all_tests[test_saved_fixture_in_fixture.py]" time="0.0709693431854248"><system-out>
Testing that running pytest on file test_saved_fixture_in_fixture.py results in {&apos;passed&apos;: 2, &apos;failed&apos;: 0}
============================= test session starts ==============================
platform linux -- Python 3.5.6, pytest-3.10.1, py-1.7.0, pluggy-0.8.0
rootdir: /tmp/pytest-of-travis/pytest-0/test_run_all_tests1, inifile:
plugins: metadata-1.7.0, html-1.19.0, harvest-1.1.1.dev1+g74e53c9, cov-2.6.0
collected 2 items

test_run_all_tests.py ..                                                 [100%]

=========================== 2 passed in 0.02 seconds ===========================
</system-out></testcase><testcase classname="pytest_harvest.tests.test_all" file="pytest_harvest/tests/test_all.py" line="21" name="test_run_all_tests[test_default_fixtures.py]" time="0.09306502342224121"><system-out>
Testing that running pytest on file test_default_fixtures.py results in {&apos;skipped&apos;: 0, &apos;passed&apos;: 8, &apos;failed&apos;: 0}
============================= test session starts ==============================
platform linux -- Python 3.5.6, pytest-3.10.1, py-1.7.0, pluggy-0.8.0
rootdir: /tmp/pytest-of-travis/pytest-0/test_run_all_tests2, inifile:
plugins: metadata-1.7.0, html-1.19.0, harvest-1.1.1.dev1+g74e53c9, cov-2.6.0
collected 8 items

test_run_all_tests.py ........                                           [100%]

=========================== 8 passed in 0.05 seconds ===========================
</system-out></testcase><testcase classname="pytest_harvest.tests.test_all" file="pytest_harvest/tests/test_all.py" line="21" name="test_run_all_tests[test_results_bags.py]" time="0.12813830375671387"><system-out>
Testing that running pytest on file test_results_bags.py results in {&apos;skipped&apos;: 0, &apos;passed&apos;: 6, &apos;failed&apos;: 0}
============================= test session starts ==============================
platform linux -- Python 3.5.6, pytest-3.10.1, py-1.7.0, pluggy-0.8.0
rootdir: /tmp/pytest-of-travis/pytest-0/test_run_all_tests3, inifile:
plugins: metadata-1.7.0, html-1.19.0, harvest-1.1.1.dev1+g74e53c9, cov-2.6.0
collected 6 items

test_run_all_tests.py ......                                             [100%]

=========================== 6 passed in 0.04 seconds ===========================
</system-out></testcase><testcase classname="pytest_harvest.tests.test_all" file="pytest_harvest/tests/test_all.py" line="21" name="test_run_all_tests[test_get_session_results.py]" time="0.16898250579833984"><system-out>
Testing that running pytest on file test_get_session_results.py results in {&apos;skipped&apos;: 1, &apos;passed&apos;: 15, &apos;failed&apos;: 1}
============================= test session starts ==============================
platform linux -- Python 3.5.6, pytest-3.10.1, py-1.7.0, pluggy-0.8.0
rootdir: /tmp/pytest-of-travis/pytest-0/test_run_all_tests4, inifile:
plugins: metadata-1.7.0, html-1.19.0, harvest-1.1.1.dev1+g74e53c9, cov-2.6.0
collected 17 items

test_run_all_tests.py ........sF.......                                  [100%]

=================================== FAILURES ===================================
_________________________________ test_failing _________________________________

    def test_failing():
&gt;       pytest.fail(&quot;normal, intended failure here&quot;)
E       Failed: normal, intended failure here

test_run_all_tests.py:116: Failed
=============================== warnings summary ===============================
test_run_all_tests.py::test_foo_synthesis_all_options[duration_in_ms=False-flatten=True]
  /tmp/pytest-of-travis/pytest-0/test_run_all_tests4/test_run_all_tests.py:69: RemovedInPytest4Warning: MarkInfo objects are deprecated as they contain merged marks which are hard to deal with correctly.
  Please use node.get_closest_marker(name) or node.iter_markers(name).
  Docs: https://docs.pytest.org/en/latest/mark.html#updating-code
    expected_keys.update({mark.args[0] for mark in test_foo.parametrize})

test_run_all_tests.py::test_foo_synthesis_all_options[duration_in_ms=True-flatten=True]
  /tmp/pytest-of-travis/pytest-0/test_run_all_tests4/test_run_all_tests.py:69: RemovedInPytest4Warning: MarkInfo objects are deprecated as they contain merged marks which are hard to deal with correctly.
  Please use node.get_closest_marker(name) or node.iter_markers(name).
  Docs: https://docs.pytest.org/en/latest/mark.html#updating-code
    expected_keys.update({mark.args[0] for mark in test_foo.parametrize})

-- Docs: https://docs.pytest.org/en/latest/warnings.html
========== 1 failed, 15 passed, 1 skipped, 2 warnings in 0.12 seconds ==========
</system-out></testcase><testcase classname="pytest_harvest.tests.test_all" file="pytest_harvest/tests/test_all.py" line="21" name="test_run_all_tests[test_saved_fixture_in_global_var.py]" time="0.06985664367675781"><system-out>
Testing that running pytest on file test_saved_fixture_in_global_var.py results in {&apos;passed&apos;: 2, &apos;failed&apos;: 0}
============================= test session starts ==============================
platform linux -- Python 3.5.6, pytest-3.10.1, py-1.7.0, pluggy-0.8.0
rootdir: /tmp/pytest-of-travis/pytest-0/test_run_all_tests5, inifile:
plugins: metadata-1.7.0, html-1.19.0, harvest-1.1.1.dev1+g74e53c9, cov-2.6.0
collected 2 items

test_run_all_tests.py ..                                                 [100%]

=========================== 2 passed in 0.02 seconds ===========================
</system-out></testcase><testcase classname="pytest_harvest.tests.test_decorator" file="pytest_harvest/tests/test_decorator.py" line="32" name="test_normal_normal" time="0.002145051956176758"><system-out>0
1
2
3
4
5
6
7
8
9
</system-out></testcase><testcase classname="pytest_harvest.tests.test_decorator" file="pytest_harvest/tests/test_decorator.py" line="42" name="test_normal_gen" time="0.0015926361083984375"><system-out>0
1
2
3
4
5
6
7
8
9
</system-out></testcase><testcase classname="pytest_harvest.tests.test_decorator" file="pytest_harvest/tests/test_decorator.py" line="55" name="test_gen_gen" time="0.0022614002227783203"><system-out>0
</system-out></testcase><testcase classname="pytest_harvest.tests.test_decorator" file="pytest_harvest/tests/test_decorator.py" line="66" name="test_gen_normal" time="0.0024721622467041016"><system-out>0
1
2
3
4
5
6
7
8
9
</system-out></testcase><testcase classname="pytest_harvest.tests.test_doc_basic_dct" file="pytest_harvest/tests/test_doc_basic_dct.py" line="5" name="test_foo[world]" time="0.5023379325866699"><system-out>
   hello, world !
</system-out></testcase><testcase classname="pytest_harvest.tests.test_doc_basic_dct" file="pytest_harvest/tests/test_doc_basic_dct.py" line="5" name="test_foo[self]" time="0.4029827117919922"><system-out>
   hello, self !
</system-out></testcase><testcase classname="pytest_harvest.tests.test_doc_basic_dct" file="pytest_harvest/tests/test_doc_basic_dct.py" line="14" name="test_synthesis" time="0.002196788787841797"><system-out>
   Available `module_results_dct` keys:
    - test_foo[world]
    - test_foo[self]

   Contents of &apos;test_foo[world]&apos;:
    - &apos;pytest_obj&apos;: &lt;function test_foo at 0x7f9c4034e8c8&gt;
    - &apos;status&apos;: passed
    - &apos;duration_ms&apos;: 501.09386444091797
    - &apos;status_details&apos;:
      - &apos;setup&apos;: (&apos;passed&apos;, 0.6701946258544922)
      - &apos;teardown&apos;: (&apos;passed&apos;, 0.5738735198974609)
      - &apos;call&apos;: (&apos;passed&apos;, 501.09386444091797)
    - &apos;params&apos;: OrderedDict([(&apos;p&apos;, &apos;world&apos;)])
    - &apos;fixtures&apos;: OrderedDict()
</system-out></testcase><testcase classname="pytest_harvest.tests.test_doc_basic_df" file="pytest_harvest/tests/test_doc_basic_df.py" line="5" name="test_foo[world]" time="0.5029206275939941"><system-out>
   hello, world !
</system-out></testcase><testcase classname="pytest_harvest.tests.test_doc_basic_df" file="pytest_harvest/tests/test_doc_basic_df.py" line="5" name="test_foo[self]" time="0.4025726318359375"><system-out>
   hello, self !
</system-out></testcase><testcase classname="pytest_harvest.tests.test_doc_basic_df" file="pytest_harvest/tests/test_doc_basic_df.py" line="14" name="test_synthesis" time="0.016425609588623047"><system-out>
   `module_results_df` dataframe:

                 status  duration_ms      p
test_id                                    
test_foo[world]  passed   501.275063  world
test_foo[self]   passed   401.094198   self
</system-out></testcase><testcase classname="pytest_harvest.tests.test_doc_basic_df_all" file="pytest_harvest/tests/test_doc_basic_df_all.py" line="21" name="test_foo[0-False]" time="0.5041038990020752"><system-out>
   hello, world !
</system-out></testcase><testcase classname="pytest_harvest.tests.test_doc_basic_df_all" file="pytest_harvest/tests/test_doc_basic_df_all.py" line="21" name="test_foo[0-True]" time="1.0042953491210938"><system-out>
   hello, world !
</system-out></testcase><testcase classname="pytest_harvest.tests.test_doc_basic_df_all" file="pytest_harvest/tests/test_doc_basic_df_all.py" line="21" name="test_foo[1-False]" time="0.4035038948059082"><system-out>
   hello, self !
</system-out></testcase><testcase classname="pytest_harvest.tests.test_doc_basic_df_all" file="pytest_harvest/tests/test_doc_basic_df_all.py" line="21" name="test_foo[1-True]" time="0.803823709487915"><system-out>
   hello, self !
</system-out></testcase><testcase classname="pytest_harvest.tests.test_doc_basic_df_all" file="pytest_harvest/tests/test_doc_basic_df_all.py" line="34" name="test_synthesis" time="0.008618354797363281"><system-out>
   `module_results_df` dataframe:

| test_id           | status   |   duration_ms | double_sleep_time   |   person_param | person   |   nb_letters | current_time               |
|:------------------|:---------|--------------:|:--------------------|---------------:|:---------|-------------:|:---------------------------|
| test_foo[0-False] | passed   |       501.374 | False               |              0 | world    |            5 | 2018-12-10T18:24:20.455251 |
| test_foo[0-True]  | passed   |      1001.91  | True                |              0 | world    |            5 | 2018-12-10T18:24:21.462364 |
| test_foo[1-False] | passed   |       401.287 | False               |              1 | self     |            4 | 2018-12-10T18:24:21.868435 |
| test_foo[1-True]  | passed   |       801.528 | True                |              1 | self     |            4 | 2018-12-10T18:24:22.674582 |
</system-out></testcase><testcase classname="pytest_harvest.tests.test_doc_basic_results_bag" file="pytest_harvest/tests/test_doc_basic_results_bag.py" line="5" name="test_foo[world]" time="0.002134084701538086"><system-out>
   hello, world !
</system-out></testcase><testcase classname="pytest_harvest.tests.test_doc_basic_results_bag" file="pytest_harvest/tests/test_doc_basic_results_bag.py" line="5" name="test_foo[self]" time="0.003731250762939453"><system-out>
   hello, self !
</system-out></testcase><testcase classname="pytest_harvest.tests.test_doc_basic_results_bag" file="pytest_harvest/tests/test_doc_basic_results_bag.py" line="17" name="test_synthesis" time="0.0014400482177734375"><system-out>
   Available `fixture_store` keys:
    - &apos;person&apos;
    - &apos;results_bag&apos;

   Contents of `fixture_store[&apos;results_bag&apos;]`:
    - &apos;pytest_harvest/tests/test_doc_basic_df_all.py::test_foo[0-False]&apos;:
      - &apos;nb_letters&apos;: 5
      - &apos;current_time&apos;: 2018-12-10T18:24:20.455251
    - &apos;pytest_harvest/tests/test_doc_basic_df_all.py::test_foo[0-True]&apos;:
      - &apos;nb_letters&apos;: 5
      - &apos;current_time&apos;: 2018-12-10T18:24:21.462364
    - &apos;pytest_harvest/tests/test_doc_basic_df_all.py::test_foo[1-False]&apos;:
      - &apos;nb_letters&apos;: 4
      - &apos;current_time&apos;: 2018-12-10T18:24:21.868435
    - &apos;pytest_harvest/tests/test_doc_basic_df_all.py::test_foo[1-True]&apos;:
      - &apos;nb_letters&apos;: 4
      - &apos;current_time&apos;: 2018-12-10T18:24:22.674582
    - &apos;pytest_harvest/tests/test_doc_basic_results_bag.py::test_foo[world]&apos;:
      - &apos;nb_letters&apos;: 5
      - &apos;current_time&apos;: 2018-12-10T18:24:22.690543
    - &apos;pytest_harvest/tests/test_doc_basic_results_bag.py::test_foo[self]&apos;:
      - &apos;nb_letters&apos;: 4
      - &apos;current_time&apos;: 2018-12-10T18:24:22.696514
</system-out></testcase><testcase classname="pytest_harvest.tests.test_doc_basic_saved_fixture" file="pytest_harvest/tests/test_doc_basic_saved_fixture.py" line="17" name="test_foo[0]" time="0.001912832260131836"><system-out>
   hello, world !
</system-out></testcase><testcase classname="pytest_harvest.tests.test_doc_basic_saved_fixture" file="pytest_harvest/tests/test_doc_basic_saved_fixture.py" line="17" name="test_foo[1]" time="0.0017778873443603516"><system-out>
   hello, self !
</system-out></testcase><testcase classname="pytest_harvest.tests.test_doc_basic_saved_fixture" file="pytest_harvest/tests/test_doc_basic_saved_fixture.py" line="24" name="test_synthesis" time="0.0013899803161621094"><system-out>
   Available `fixture_store` keys:
    - &apos;person&apos;
    - &apos;results_bag&apos;

   Contents of `fixture_store[&apos;person&apos;]`:
    - &apos;pytest_harvest/tests/test_doc_basic_df_all.py::test_foo[0-False]&apos;: world
    - &apos;pytest_harvest/tests/test_doc_basic_df_all.py::test_foo[0-True]&apos;: world
    - &apos;pytest_harvest/tests/test_doc_basic_df_all.py::test_foo[1-False]&apos;: self
    - &apos;pytest_harvest/tests/test_doc_basic_df_all.py::test_foo[1-True]&apos;: self
    - &apos;pytest_harvest/tests/test_doc_basic_saved_fixture.py::test_foo[0]&apos;: world
    - &apos;pytest_harvest/tests/test_doc_basic_saved_fixture.py::test_foo[1]&apos;: self
</system-out></testcase><testcase classname="pytest_harvest.tests.test_doc_example" file="pytest_harvest/tests/test_doc_example.py" line="22" name="test_my_app_bench[A-1]" time="0.002089262008666992"></testcase><testcase classname="pytest_harvest.tests.test_doc_example" file="pytest_harvest/tests/test_doc_example.py" line="22" name="test_my_app_bench[A-2]" time="0.0018644332885742188"></testcase><testcase classname="pytest_harvest.tests.test_doc_example" file="pytest_harvest/tests/test_doc_example.py" line="22" name="test_my_app_bench[B-1]" time="0.002238035202026367"></testcase><testcase classname="pytest_harvest.tests.test_doc_example" file="pytest_harvest/tests/test_doc_example.py" line="22" name="test_my_app_bench[B-2]" time="0.0022978782653808594"></testcase><testcase classname="pytest_harvest.tests.test_doc_example" file="pytest_harvest/tests/test_doc_example.py" line="22" name="test_my_app_bench[C-1]" time="0.0020275115966796875"></testcase><testcase classname="pytest_harvest.tests.test_doc_example" file="pytest_harvest/tests/test_doc_example.py" line="22" name="test_my_app_bench[C-2]" time="0.0020914077758789062"></testcase><testcase classname="pytest_harvest.tests.test_doc_example" file="pytest_harvest/tests/test_doc_example.py" line="36" name="test_basic" time="0.001041412353515625"></testcase><testcase classname="pytest_harvest.tests.test_doc_example" file="pytest_harvest/tests/test_doc_example.py" line="42" name="test_synthesis" time="0.010013341903686523"><system-out>test_id                 status      duration_ms    algo_param  dataset_param      accuracy  dataset
----------------------  --------  -------------  ------------  ---------------  ----------  -------------
test_my_app_bench[A-1]  passed         0.33164              1  A                  0.857611  my dataset #A
test_my_app_bench[A-2]  passed         0.338554             2  A                  0.292869  my dataset #A
test_my_app_bench[B-1]  passed         0.519991             1  B                  0.857642  my dataset #B
test_my_app_bench[B-2]  passed         0.616312             2  B                  0.566002  my dataset #B
test_my_app_bench[C-1]  passed         0.360727             1  C                  0.90864   my dataset #C
test_my_app_bench[C-2]  passed         0.394106             2  C                  0.954769  my dataset #C
test_basic              passed         0.298738           nan  nan              nan         nan
</system-out></testcase><testcase classname="pytest_harvest.tests.test_doc_example_custom" file="pytest_harvest/tests/test_doc_example_custom.py" line="34" name="test_my_app_bench[A-1]" time="0.002521991729736328"></testcase><testcase classname="pytest_harvest.tests.test_doc_example_custom" file="pytest_harvest/tests/test_doc_example_custom.py" line="34" name="test_my_app_bench[A-2]" time="0.002166271209716797"></testcase><testcase classname="pytest_harvest.tests.test_doc_example_custom" file="pytest_harvest/tests/test_doc_example_custom.py" line="34" name="test_my_app_bench[B-1]" time="0.001967191696166992"></testcase><testcase classname="pytest_harvest.tests.test_doc_example_custom" file="pytest_harvest/tests/test_doc_example_custom.py" line="34" name="test_my_app_bench[B-2]" time="0.0023641586303710938"></testcase><testcase classname="pytest_harvest.tests.test_doc_example_custom" file="pytest_harvest/tests/test_doc_example_custom.py" line="34" name="test_my_app_bench[C-1]" time="0.0021407604217529297"></testcase><testcase classname="pytest_harvest.tests.test_doc_example_custom" file="pytest_harvest/tests/test_doc_example_custom.py" line="34" name="test_my_app_bench[C-2]" time="0.0020444393157958984"></testcase><testcase classname="pytest_harvest.tests.test_doc_example_custom" file="pytest_harvest/tests/test_doc_example_custom.py" line="48" name="test_basic" time="0.0012640953063964844"></testcase><testcase classname="pytest_harvest.tests.test_doc_example_custom" file="pytest_harvest/tests/test_doc_example_custom.py" line="54" name="test_synthesis" time="0.010248899459838867"><system-out>
Keys:
test_my_app_bench[A-1]
test_my_app_bench[A-2]
test_my_app_bench[B-1]
test_my_app_bench[B-2]
test_my_app_bench[C-1]
test_my_app_bench[C-2]
test_basic

First node:
&apos;pytest_obj&apos;: &lt;function test_my_app_bench at 0x7f9c2e648730&gt;
&apos;status&apos;: &apos;passed&apos;
&apos;duration_ms&apos;: 0.43320655822753906
&apos;algo_param&apos;: 1
&apos;dataset_param&apos;: &apos;A&apos;
&apos;dataset&apos;: &apos;my dataset #A&apos;
&apos;accuracy&apos;: 0.15224247547056857
test_id                 status      duration_ms    algo_param  dataset_param    dataset           accuracy
----------------------  --------  -------------  ------------  ---------------  -------------  -----------
test_my_app_bench[A-1]  passed         0.433207             1  A                my dataset #A    0.152242
test_my_app_bench[A-2]  passed         0.364065             2  A                my dataset #A    0.98223
test_my_app_bench[B-1]  passed         0.381708             1  B                my dataset #B    0.871129
test_my_app_bench[B-2]  passed         0.360727             2  B                my dataset #B    0.82645
test_my_app_bench[C-1]  passed         0.415564             1  C                my dataset #C    0.521252
test_my_app_bench[C-2]  passed         0.39053              2  C                my dataset #C    0.0617779
test_basic              passed         0.409842           nan  nan              nan            nan
</system-out></testcase><testcase classname="pytest_harvest.tests.test_results_bag_basic" file="pytest_harvest/tests/test_results_bag_basic.py" line="3" name="test_results_bag_basic" time="0.004227399826049805"></testcase></testsuite>