<?xml version="1.0" encoding="utf-8"?><testsuite errors="0" failures="0" name="pytest" skips="0" tests="4" time="0.419"><testcase classname="pytest_harvest.tests.test_all" file="pytest_harvest/tests/test_all.py" line="21" name="test_run_all_tests[test_saved_fixture_in_fixture.py]" time="0.08231616020202637"><system-out>
Testing that running pytest on file test_saved_fixture_in_fixture.py results in {&apos;failed&apos;: 0, &apos;passed&apos;: 2}
============================= test session starts ==============================
platform linux -- Python 3.5.6, pytest-3.8.1, py-1.6.0, pluggy-0.7.1
rootdir: /tmp/pytest-of-travis/pytest-0/test_run_all_tests0, inifile:
plugins: metadata-1.7.0, html-1.19.0, harvest-0.5.0, cov-2.6.0
collected 2 items

test_run_all_tests.py ..                                                 [100%]

=========================== 2 passed in 0.04 seconds ===========================
</system-out></testcase><testcase classname="pytest_harvest.tests.test_all" file="pytest_harvest/tests/test_all.py" line="21" name="test_run_all_tests[test_results_bags.py]" time="0.07268786430358887"><system-out>
Testing that running pytest on file test_results_bags.py results in {&apos;skipped&apos;: 0, &apos;failed&apos;: 0, &apos;passed&apos;: 6}
============================= test session starts ==============================
platform linux -- Python 3.5.6, pytest-3.8.1, py-1.6.0, pluggy-0.7.1
rootdir: /tmp/pytest-of-travis/pytest-0/test_run_all_tests1, inifile:
plugins: metadata-1.7.0, html-1.19.0, harvest-0.5.0, cov-2.6.0
collected 6 items

test_run_all_tests.py ......                                             [100%]

=========================== 6 passed in 0.03 seconds ===========================
</system-out></testcase><testcase classname="pytest_harvest.tests.test_all" file="pytest_harvest/tests/test_all.py" line="21" name="test_run_all_tests[test_get_session_results.py]" time="0.0996696949005127"><system-out>
Testing that running pytest on file test_get_session_results.py results in {&apos;skipped&apos;: 1, &apos;failed&apos;: 1, &apos;passed&apos;: 4}
============================= test session starts ==============================
platform linux -- Python 3.5.6, pytest-3.8.1, py-1.6.0, pluggy-0.7.1
rootdir: /tmp/pytest-of-travis/pytest-0/test_run_all_tests2, inifile:
plugins: metadata-1.7.0, html-1.19.0, harvest-0.5.0, cov-2.6.0
collected 6 items

test_run_all_tests.py ....sF                                             [100%]

=================================== FAILURES ===================================
_________________________________ test_failing _________________________________

    def test_failing():
&gt;       pytest.fail(&quot;oh&quot;)
E       Failed: oh

test_run_all_tests.py:48: Failed
--------------------------- Captured stdout teardown ---------------------------
{&apos;test_run_all_tests.py::test_failing&apos;: {&apos;pytest_duration&apos;: 0.00044035911560058594,
                                         &apos;pytest_obj&apos;: &lt;function test_failing at 0x7f7dc2fc7d08&gt;,
                                         &apos;pytest_params&apos;: {},
                                         &apos;pytest_status&apos;: &apos;failed&apos;,
                                         &apos;pytest_status_details&apos;: {&apos;call&apos;: (&apos;failed&apos;,
                                                                            0.00044035911560058594),
                                                                   &apos;setup&apos;: (&apos;passed&apos;,
                                                                             0.00029921531677246094)}},
 &apos;test_run_all_tests.py::test_foo[1-hello]&apos;: {&apos;pytest_duration&apos;: 0.00026679039001464844,
                                              &apos;pytest_obj&apos;: &lt;function test_foo at 0x7f7dc2fc7d90&gt;,
                                              &apos;pytest_params&apos;: {&apos;a_number_str&apos;: 1,
                                                                &apos;p&apos;: &apos;hello&apos;},
                                              &apos;pytest_status&apos;: &apos;passed&apos;,
                                              &apos;pytest_status_details&apos;: {&apos;call&apos;: (&apos;passed&apos;,
                                                                                 0.00026679039001464844),
                                                                        &apos;setup&apos;: (&apos;passed&apos;,
                                                                                  0.0008761882781982422),
                                                                        &apos;teardown&apos;: (&apos;passed&apos;,
                                                                                     0.0003230571746826172)}},
 &apos;test_run_all_tests.py::test_foo[1-world]&apos;: {&apos;pytest_duration&apos;: 0.0002455711364746094,
                                              &apos;pytest_obj&apos;: &lt;function test_foo at 0x7f7dc2fc7d90&gt;,
                                              &apos;pytest_params&apos;: {&apos;a_number_str&apos;: 1,
                                                                &apos;p&apos;: &apos;world&apos;},
                                              &apos;pytest_status&apos;: &apos;passed&apos;,
                                              &apos;pytest_status_details&apos;: {&apos;call&apos;: (&apos;passed&apos;,
                                                                                 0.0002455711364746094),
                                                                        &apos;setup&apos;: (&apos;passed&apos;,
                                                                                  0.0006008148193359375),
                                                                        &apos;teardown&apos;: (&apos;passed&apos;,
                                                                                     0.0003070831298828125)}},
 &apos;test_run_all_tests.py::test_foo[2-hello]&apos;: {&apos;pytest_duration&apos;: 0.00027751922607421875,
                                              &apos;pytest_obj&apos;: &lt;function test_foo at 0x7f7dc2fc7d90&gt;,
                                              &apos;pytest_params&apos;: {&apos;a_number_str&apos;: 2,
                                                                &apos;p&apos;: &apos;hello&apos;},
                                              &apos;pytest_status&apos;: &apos;passed&apos;,
                                              &apos;pytest_status_details&apos;: {&apos;call&apos;: (&apos;passed&apos;,
                                                                                 0.00027751922607421875),
                                                                        &apos;setup&apos;: (&apos;passed&apos;,
                                                                                  0.0005788803100585938),
                                                                        &apos;teardown&apos;: (&apos;passed&apos;,
                                                                                     0.00030875205993652344)}},
 &apos;test_run_all_tests.py::test_foo[2-world]&apos;: {&apos;pytest_duration&apos;: 0.0002772808074951172,
                                              &apos;pytest_obj&apos;: &lt;function test_foo at 0x7f7dc2fc7d90&gt;,
                                              &apos;pytest_params&apos;: {&apos;a_number_str&apos;: 2,
                                                                &apos;p&apos;: &apos;world&apos;},
                                              &apos;pytest_status&apos;: &apos;passed&apos;,
                                              &apos;pytest_status_details&apos;: {&apos;call&apos;: (&apos;passed&apos;,
                                                                                 0.0002772808074951172),
                                                                        &apos;setup&apos;: (&apos;passed&apos;,
                                                                                  0.0005753040313720703),
                                                                        &apos;teardown&apos;: (&apos;passed&apos;,
                                                                                     0.0003685951232910156)}},
 &apos;test_run_all_tests.py::test_skipped&apos;: {&apos;pytest_duration&apos;: 0.00046753883361816406,
                                         &apos;pytest_obj&apos;: &lt;function test_skipped at 0x7f7dc2fc7620&gt;,
                                         &apos;pytest_params&apos;: {},
                                         &apos;pytest_status&apos;: &apos;skipped&apos;,
                                         &apos;pytest_status_details&apos;: {&apos;call&apos;: (&apos;skipped&apos;,
                                                                            0.00046753883361816406),
                                                                   &apos;setup&apos;: (&apos;passed&apos;,
                                                                             0.0003116130828857422),
                                                                   &apos;teardown&apos;: (&apos;passed&apos;,
                                                                                0.0002262592315673828)}}}
================ 1 failed, 4 passed, 1 skipped in 0.06 seconds =================
</system-out></testcase><testcase classname="pytest_harvest.tests.test_all" file="pytest_harvest/tests/test_all.py" line="21" name="test_run_all_tests[test_saved_fixture_in_global_var.py]" time="0.06536102294921875"><system-out>
Testing that running pytest on file test_saved_fixture_in_global_var.py results in {&apos;failed&apos;: 0, &apos;passed&apos;: 2}
============================= test session starts ==============================
platform linux -- Python 3.5.6, pytest-3.8.1, py-1.6.0, pluggy-0.7.1
rootdir: /tmp/pytest-of-travis/pytest-0/test_run_all_tests3, inifile:
plugins: metadata-1.7.0, html-1.19.0, harvest-0.5.0, cov-2.6.0
collected 2 items

test_run_all_tests.py ..                                                 [100%]

=========================== 2 passed in 0.03 seconds ===========================
</system-out></testcase></testsuite>