<?xml version="1.0" encoding="utf-8"?><testsuite errors="0" failures="0" name="pytest" skips="0" tests="45" time="5.998"><testcase classname="pytest_harvest.tests.test_all" file="pytest_harvest/tests/test_all.py" line="21" name="test_run_all_tests[test_all_together.py]" time="0.1053156852722168"><system-out>
Testing that running pytest on file test_all_together.py results in {&apos;failed&apos;: 0, &apos;skipped&apos;: 0, &apos;passed&apos;: 9}
============================= test session starts ==============================
platform linux -- Python 3.5.6, pytest-3.10.1, py-1.8.0, pluggy-0.9.0
rootdir: /tmp/pytest-of-travis/pytest-0/test_run_all_tests0, inifile:
plugins: metadata-1.8.0, html-1.20.0, harvest-1.5.1.dev6+g9cc095d, cov-2.6.0
collected 9 items

test_run_all_tests.py .........                                          [100%]

=============================== warnings summary ===============================
test_run_all_tests.py:43
  test_run_all_tests.py:43: RemovedInPytest4Warning: While trying to determine id of parameter flatten at position 0 the following exception was raised:
    IndexError: tuple index out of range
  This warning will be an error error in pytest-4.0.
    @pytest.mark.parametrize(&apos;flatten, flatten_more&apos;, [(False, None), (True, None), (True, &apos;my_results&apos;)],
  test_run_all_tests.py:43: RemovedInPytest4Warning: While trying to determine id of parameter flatten_more at position 0 the following exception was raised:
    IndexError: tuple index out of range
  This warning will be an error error in pytest-4.0.
    @pytest.mark.parametrize(&apos;flatten, flatten_more&apos;, [(False, None), (True, None), (True, &apos;my_results&apos;)],
  test_run_all_tests.py:43: RemovedInPytest4Warning: While trying to determine id of parameter flatten at position 1 the following exception was raised:
    IndexError: tuple index out of range
  This warning will be an error error in pytest-4.0.
    @pytest.mark.parametrize(&apos;flatten, flatten_more&apos;, [(False, None), (True, None), (True, &apos;my_results&apos;)],
  test_run_all_tests.py:43: RemovedInPytest4Warning: While trying to determine id of parameter flatten_more at position 1 the following exception was raised:
    IndexError: tuple index out of range
  This warning will be an error error in pytest-4.0.
    @pytest.mark.parametrize(&apos;flatten, flatten_more&apos;, [(False, None), (True, None), (True, &apos;my_results&apos;)],
  test_run_all_tests.py:43: RemovedInPytest4Warning: While trying to determine id of parameter flatten at position 2 the following exception was raised:
    IndexError: tuple index out of range
  This warning will be an error error in pytest-4.0.
    @pytest.mark.parametrize(&apos;flatten, flatten_more&apos;, [(False, None), (True, None), (True, &apos;my_results&apos;)],
  test_run_all_tests.py:43: RemovedInPytest4Warning: While trying to determine id of parameter flatten_more at position 2 the following exception was raised:
    IndexError: tuple index out of range
  This warning will be an error error in pytest-4.0.
    @pytest.mark.parametrize(&apos;flatten, flatten_more&apos;, [(False, None), (True, None), (True, &apos;my_results&apos;)],

-- Docs: https://docs.pytest.org/en/latest/warnings.html
===================== 9 passed, 6 warnings in 0.06 seconds =====================
</system-out></testcase><testcase classname="pytest_harvest.tests.test_all" file="pytest_harvest/tests/test_all.py" line="21" name="test_run_all_tests[test_saved_fixture_in_fixture.py]" time="0.06984281539916992"><system-out>
Testing that running pytest on file test_saved_fixture_in_fixture.py results in {&apos;failed&apos;: 0, &apos;passed&apos;: 2}
============================= test session starts ==============================
platform linux -- Python 3.5.6, pytest-3.10.1, py-1.8.0, pluggy-0.9.0
rootdir: /tmp/pytest-of-travis/pytest-0/test_run_all_tests1, inifile:
plugins: metadata-1.8.0, html-1.20.0, harvest-1.5.1.dev6+g9cc095d, cov-2.6.0
collected 2 items

test_run_all_tests.py ..                                                 [100%]

=========================== 2 passed in 0.02 seconds ===========================
</system-out></testcase><testcase classname="pytest_harvest.tests.test_all" file="pytest_harvest/tests/test_all.py" line="21" name="test_run_all_tests[test_get_session_results_indirect_and_noparam.py]" time="0.06901025772094727"><system-out>
Testing that running pytest on file test_get_session_results_indirect_and_noparam.py results in {&apos;failed&apos;: 0, &apos;skipped&apos;: 0, &apos;passed&apos;: 5}
============================= test session starts ==============================
platform linux -- Python 3.5.6, pytest-3.10.1, py-1.8.0, pluggy-0.9.0
rootdir: /tmp/pytest-of-travis/pytest-0/test_run_all_tests2, inifile:
plugins: metadata-1.8.0, html-1.20.0, harvest-1.5.1.dev6+g9cc095d, cov-2.6.0
collected 5 items

test_run_all_tests.py .....                                              [100%]

=========================== 5 passed in 0.02 seconds ===========================
</system-out></testcase><testcase classname="pytest_harvest.tests.test_all" file="pytest_harvest/tests/test_all.py" line="21" name="test_run_all_tests[test_default_fixtures.py]" time="0.12345576286315918"><system-out>
Testing that running pytest on file test_default_fixtures.py results in {&apos;failed&apos;: 0, &apos;skipped&apos;: 0, &apos;passed&apos;: 8}
============================= test session starts ==============================
platform linux -- Python 3.5.6, pytest-3.10.1, py-1.8.0, pluggy-0.9.0
rootdir: /tmp/pytest-of-travis/pytest-0/test_run_all_tests3, inifile:
plugins: metadata-1.8.0, html-1.20.0, harvest-1.5.1.dev6+g9cc095d, cov-2.6.0
collected 8 items

test_run_all_tests.py ........                                           [100%]

=========================== 8 passed in 0.08 seconds ===========================
</system-out></testcase><testcase classname="pytest_harvest.tests.test_all" file="pytest_harvest/tests/test_all.py" line="21" name="test_run_all_tests[test_results_bags.py]" time="0.08274984359741211"><system-out>
Testing that running pytest on file test_results_bags.py results in {&apos;failed&apos;: 0, &apos;skipped&apos;: 0, &apos;passed&apos;: 6}
============================= test session starts ==============================
platform linux -- Python 3.5.6, pytest-3.10.1, py-1.8.0, pluggy-0.9.0
rootdir: /tmp/pytest-of-travis/pytest-0/test_run_all_tests4, inifile:
plugins: metadata-1.8.0, html-1.20.0, harvest-1.5.1.dev6+g9cc095d, cov-2.6.0
collected 6 items

test_run_all_tests.py ......                                             [100%]

=========================== 6 passed in 0.04 seconds ===========================
</system-out></testcase><testcase classname="pytest_harvest.tests.test_all" file="pytest_harvest/tests/test_all.py" line="21" name="test_run_all_tests[test_get_session_results.py]" time="0.16848182678222656"><system-out>
Testing that running pytest on file test_get_session_results.py results in {&apos;failed&apos;: 1, &apos;skipped&apos;: 1, &apos;passed&apos;: 16}
============================= test session starts ==============================
platform linux -- Python 3.5.6, pytest-3.10.1, py-1.8.0, pluggy-0.9.0
rootdir: /tmp/pytest-of-travis/pytest-0/test_run_all_tests5, inifile:
plugins: metadata-1.8.0, html-1.20.0, harvest-1.5.1.dev6+g9cc095d, cov-2.6.0
collected 18 items

test_run_all_tests.py ........sF........                                 [100%]

=================================== FAILURES ===================================
_________________________________ test_failing _________________________________

    def test_failing():
&gt;       pytest.fail(&quot;normal, intended failure here&quot;)
E       Failed: normal, intended failure here

test_run_all_tests.py:116: Failed
=============================== warnings summary ===============================
test_run_all_tests.py::test_foo_synthesis_all_options[duration_in_ms=False-flatten=True]
  /tmp/pytest-of-travis/pytest-0/test_run_all_tests5/test_run_all_tests.py:69: RemovedInPytest4Warning: MarkInfo objects are deprecated as they contain merged marks which are hard to deal with correctly.
  Please use node.get_closest_marker(name) or node.iter_markers(name).
  Docs: https://docs.pytest.org/en/latest/mark.html#updating-code
    expected_keys.update({mark.args[0] for mark in test_foo.parametrize})

test_run_all_tests.py::test_foo_synthesis_all_options[duration_in_ms=True-flatten=True]
  /tmp/pytest-of-travis/pytest-0/test_run_all_tests5/test_run_all_tests.py:69: RemovedInPytest4Warning: MarkInfo objects are deprecated as they contain merged marks which are hard to deal with correctly.
  Please use node.get_closest_marker(name) or node.iter_markers(name).
  Docs: https://docs.pytest.org/en/latest/mark.html#updating-code
    expected_keys.update({mark.args[0] for mark in test_foo.parametrize})

-- Docs: https://docs.pytest.org/en/latest/warnings.html
========== 1 failed, 16 passed, 1 skipped, 2 warnings in 0.12 seconds ==========
</system-out></testcase><testcase classname="pytest_harvest.tests.test_all" file="pytest_harvest/tests/test_all.py" line="21" name="test_run_all_tests[test_saved_fixture_in_global_var.py]" time="0.06934261322021484"><system-out>
Testing that running pytest on file test_saved_fixture_in_global_var.py results in {&apos;failed&apos;: 0, &apos;passed&apos;: 2}
============================= test session starts ==============================
platform linux -- Python 3.5.6, pytest-3.10.1, py-1.8.0, pluggy-0.9.0
rootdir: /tmp/pytest-of-travis/pytest-0/test_run_all_tests6, inifile:
plugins: metadata-1.8.0, html-1.20.0, harvest-1.5.1.dev6+g9cc095d, cov-2.6.0
collected 2 items

test_run_all_tests.py ..                                                 [100%]

=========================== 2 passed in 0.02 seconds ===========================
</system-out></testcase><testcase classname="pytest_harvest.tests.test_decorator" file="pytest_harvest/tests/test_decorator.py" line="32" name="test_normal_normal" time="0.0015492439270019531"><system-out>0
1
2
3
4
5
6
7
8
9
</system-out></testcase><testcase classname="pytest_harvest.tests.test_decorator" file="pytest_harvest/tests/test_decorator.py" line="42" name="test_normal_gen" time="0.0016963481903076172"><system-out>0
1
2
3
4
5
6
7
8
9
</system-out></testcase><testcase classname="pytest_harvest.tests.test_decorator" file="pytest_harvest/tests/test_decorator.py" line="55" name="test_gen_gen" time="0.0010852813720703125"><system-out>0
</system-out></testcase><testcase classname="pytest_harvest.tests.test_decorator" file="pytest_harvest/tests/test_decorator.py" line="66" name="test_gen_normal" time="0.0017459392547607422"><system-out>0
1
2
3
4
5
6
7
8
9
</system-out></testcase><testcase classname="pytest_harvest.tests.test_doc_basic_dct" file="pytest_harvest/tests/test_doc_basic_dct.py" line="5" name="test_foo[world]" time="0.5026326179504395"><system-out>
   hello, world !
</system-out></testcase><testcase classname="pytest_harvest.tests.test_doc_basic_dct" file="pytest_harvest/tests/test_doc_basic_dct.py" line="5" name="test_foo[self]" time="0.40265965461730957"><system-out>
   hello, self !
</system-out></testcase><testcase classname="pytest_harvest.tests.test_doc_basic_dct" file="pytest_harvest/tests/test_doc_basic_dct.py" line="14" name="test_synthesis" time="0.0023703575134277344"><system-out>
   Available `module_results_dct` keys:
    - test_foo[world]
    - test_foo[self]

   Contents of &apos;test_foo[world]&apos;:
    - &apos;pytest_obj&apos;: &lt;function test_foo at 0x7fe3168f31e0&gt;
    - &apos;status&apos;: passed
    - &apos;duration_ms&apos;: 500.89120864868164
    - &apos;status_details&apos;:
      - &apos;teardown&apos;: (&apos;passed&apos;, 0.5633831024169922)
      - &apos;call&apos;: (&apos;passed&apos;, 500.89120864868164)
      - &apos;setup&apos;: (&apos;passed&apos;, 1.1780261993408203)
    - &apos;params&apos;: OrderedDict([(&apos;p&apos;, &apos;world&apos;)])
    - &apos;fixtures&apos;: OrderedDict()
</system-out></testcase><testcase classname="pytest_harvest.tests.test_doc_basic_df" file="pytest_harvest/tests/test_doc_basic_df.py" line="5" name="test_foo[world]" time="0.5025439262390137"><system-out>
   hello, world !
</system-out></testcase><testcase classname="pytest_harvest.tests.test_doc_basic_df" file="pytest_harvest/tests/test_doc_basic_df.py" line="5" name="test_foo[self]" time="0.40216851234436035"><system-out>
   hello, self !
</system-out></testcase><testcase classname="pytest_harvest.tests.test_doc_basic_df" file="pytest_harvest/tests/test_doc_basic_df.py" line="14" name="test_synthesis" time="0.01770758628845215"><system-out>
   `module_results_df` dataframe:

                                            pytest_obj  ...        p
test_id                                                 ...         
test_foo[world]  &lt;function test_foo at 0x7fe3168f3268&gt;  ...    world
test_foo[self]   &lt;function test_foo at 0x7fe3168f3268&gt;  ...     self

[2 rows x 4 columns]
</system-out></testcase><testcase classname="pytest_harvest.tests.test_doc_basic_df_all" file="pytest_harvest/tests/test_doc_basic_df_all.py" line="21" name="test_foo[0-False]" time="0.5042858123779297"><system-out>
   hello, world !
</system-out></testcase><testcase classname="pytest_harvest.tests.test_doc_basic_df_all" file="pytest_harvest/tests/test_doc_basic_df_all.py" line="21" name="test_foo[0-True]" time="1.0048036575317383"><system-out>
   hello, world !
</system-out></testcase><testcase classname="pytest_harvest.tests.test_doc_basic_df_all" file="pytest_harvest/tests/test_doc_basic_df_all.py" line="21" name="test_foo[1-False]" time="0.4043292999267578"><system-out>
   hello, self !
</system-out></testcase><testcase classname="pytest_harvest.tests.test_doc_basic_df_all" file="pytest_harvest/tests/test_doc_basic_df_all.py" line="21" name="test_foo[1-True]" time="0.8045625686645508"><system-out>
   hello, self !
</system-out></testcase><testcase classname="pytest_harvest.tests.test_doc_basic_df_all" file="pytest_harvest/tests/test_doc_basic_df_all.py" line="34" name="test_synthesis" time="0.007248401641845703"><system-out>
   `module_results_df` dataframe:

| test_id           | pytest_obj                            | status   |   duration_ms | double_sleep_time   |   person_param | person   |   nb_letters | current_time               |
|:------------------|:--------------------------------------|:---------|--------------:|:--------------------|---------------:|:---------|-------------:|:---------------------------|
| test_foo[0-False] | &lt;function test_foo at 0x7fe3169142f0&gt; | passed   |       501.162 | False               |              0 | world    |            5 | 2019-02-27T13:21:30.370091 |
| test_foo[0-True]  | &lt;function test_foo at 0x7fe3169142f0&gt; | passed   |      1001.56  | True                |              0 | world    |            5 | 2019-02-27T13:21:31.377194 |
| test_foo[1-False] | &lt;function test_foo at 0x7fe3169142f0&gt; | passed   |       401.15  | False               |              1 | self     |            4 | 2019-02-27T13:21:31.783786 |
| test_foo[1-True]  | &lt;function test_foo at 0x7fe3169142f0&gt; | passed   |       801.447 | True                |              1 | self     |            4 | 2019-02-27T13:21:32.590548 |
</system-out></testcase><testcase classname="pytest_harvest.tests.test_doc_basic_results_bag" file="pytest_harvest/tests/test_doc_basic_results_bag.py" line="5" name="test_foo[world]" time="0.0025510787963867188"><system-out>
   hello, world !
</system-out></testcase><testcase classname="pytest_harvest.tests.test_doc_basic_results_bag" file="pytest_harvest/tests/test_doc_basic_results_bag.py" line="5" name="test_foo[self]" time="0.0026776790618896484"><system-out>
   hello, self !
</system-out></testcase><testcase classname="pytest_harvest.tests.test_doc_basic_results_bag" file="pytest_harvest/tests/test_doc_basic_results_bag.py" line="17" name="test_synthesis" time="0.0015468597412109375"><system-out>
   Available `fixture_store` keys:
    - &apos;person&apos;
    - &apos;results_bag&apos;

   Contents of `fixture_store[&apos;results_bag&apos;]`:
    - &apos;pytest_harvest/tests/test_doc_basic_df_all.py::test_foo[0-False]&apos;:
      - &apos;nb_letters&apos;: 5
      - &apos;current_time&apos;: 2019-02-27T13:21:30.370091
    - &apos;pytest_harvest/tests/test_doc_basic_df_all.py::test_foo[0-True]&apos;:
      - &apos;nb_letters&apos;: 5
      - &apos;current_time&apos;: 2019-02-27T13:21:31.377194
    - &apos;pytest_harvest/tests/test_doc_basic_df_all.py::test_foo[1-False]&apos;:
      - &apos;nb_letters&apos;: 4
      - &apos;current_time&apos;: 2019-02-27T13:21:31.783786
    - &apos;pytest_harvest/tests/test_doc_basic_df_all.py::test_foo[1-True]&apos;:
      - &apos;nb_letters&apos;: 4
      - &apos;current_time&apos;: 2019-02-27T13:21:32.590548
    - &apos;pytest_harvest/tests/test_doc_basic_results_bag.py::test_foo[world]&apos;:
      - &apos;nb_letters&apos;: 5
      - &apos;current_time&apos;: 2019-02-27T13:21:32.605106
    - &apos;pytest_harvest/tests/test_doc_basic_results_bag.py::test_foo[self]&apos;:
      - &apos;nb_letters&apos;: 4
      - &apos;current_time&apos;: 2019-02-27T13:21:32.609969
</system-out></testcase><testcase classname="pytest_harvest.tests.test_doc_basic_saved_fixture" file="pytest_harvest/tests/test_doc_basic_saved_fixture.py" line="17" name="test_foo[0]" time="0.0023126602172851562"><system-out>
   hello, world !
</system-out></testcase><testcase classname="pytest_harvest.tests.test_doc_basic_saved_fixture" file="pytest_harvest/tests/test_doc_basic_saved_fixture.py" line="17" name="test_foo[1]" time="0.002276897430419922"><system-out>
   hello, self !
</system-out></testcase><testcase classname="pytest_harvest.tests.test_doc_basic_saved_fixture" file="pytest_harvest/tests/test_doc_basic_saved_fixture.py" line="24" name="test_synthesis" time="0.001413583755493164"><system-out>
   Available `fixture_store` keys:
    - &apos;person&apos;
    - &apos;results_bag&apos;

   Contents of `fixture_store[&apos;person&apos;]`:
    - &apos;pytest_harvest/tests/test_doc_basic_df_all.py::test_foo[0-False]&apos;: world
    - &apos;pytest_harvest/tests/test_doc_basic_df_all.py::test_foo[0-True]&apos;: world
    - &apos;pytest_harvest/tests/test_doc_basic_df_all.py::test_foo[1-False]&apos;: self
    - &apos;pytest_harvest/tests/test_doc_basic_df_all.py::test_foo[1-True]&apos;: self
    - &apos;pytest_harvest/tests/test_doc_basic_saved_fixture.py::test_foo[0]&apos;: world
    - &apos;pytest_harvest/tests/test_doc_basic_saved_fixture.py::test_foo[1]&apos;: self
</system-out></testcase><testcase classname="pytest_harvest.tests.test_doc_example" file="pytest_harvest/tests/test_doc_example.py" line="22" name="test_my_app_bench[A-1]" time="0.0029647350311279297"></testcase><testcase classname="pytest_harvest.tests.test_doc_example" file="pytest_harvest/tests/test_doc_example.py" line="22" name="test_my_app_bench[A-2]" time="0.0031213760375976562"></testcase><testcase classname="pytest_harvest.tests.test_doc_example" file="pytest_harvest/tests/test_doc_example.py" line="22" name="test_my_app_bench[B-1]" time="0.0031049251556396484"></testcase><testcase classname="pytest_harvest.tests.test_doc_example" file="pytest_harvest/tests/test_doc_example.py" line="22" name="test_my_app_bench[B-2]" time="0.003269672393798828"></testcase><testcase classname="pytest_harvest.tests.test_doc_example" file="pytest_harvest/tests/test_doc_example.py" line="22" name="test_my_app_bench[C-1]" time="0.003278493881225586"></testcase><testcase classname="pytest_harvest.tests.test_doc_example" file="pytest_harvest/tests/test_doc_example.py" line="22" name="test_my_app_bench[C-2]" time="0.0028846263885498047"></testcase><testcase classname="pytest_harvest.tests.test_doc_example" file="pytest_harvest/tests/test_doc_example.py" line="36" name="test_basic" time="0.001117706298828125"></testcase><testcase classname="pytest_harvest.tests.test_doc_example" file="pytest_harvest/tests/test_doc_example.py" line="42" name="test_synthesis" time="0.008583784103393555"><system-out>test_id                 pytest_obj                                      status      duration_ms    algo_param  dataset_param       accuracy  dataset
----------------------  ----------------------------------------------  --------  -------------  ------------  ---------------  -----------  -------------
test_my_app_bench[A-1]  &lt;function test_my_app_bench at 0x7fe316914b70&gt;  passed         0.337124             1  A                  0.0932161  my dataset #A
test_my_app_bench[A-2]  &lt;function test_my_app_bench at 0x7fe316914b70&gt;  passed         0.368595             2  A                  0.575233   my dataset #A
test_my_app_bench[B-1]  &lt;function test_my_app_bench at 0x7fe316914b70&gt;  passed         0.379562             1  B                  0.244893   my dataset #B
test_my_app_bench[B-2]  &lt;function test_my_app_bench at 0x7fe316914b70&gt;  passed         0.24271              2  B                  0.486712   my dataset #B
test_my_app_bench[C-1]  &lt;function test_my_app_bench at 0x7fe316914b70&gt;  passed         0.344992             1  C                  0.678774   my dataset #C
test_my_app_bench[C-2]  &lt;function test_my_app_bench at 0x7fe316914b70&gt;  passed         0.362396             2  C                  0.630524   my dataset #C
test_basic              &lt;function test_basic at 0x7fe316914bf8&gt;         passed         0.359058           nan  nan              nan          nan
</system-out></testcase><testcase classname="pytest_harvest.tests.test_doc_example_custom" file="pytest_harvest/tests/test_doc_example_custom.py" line="34" name="test_my_app_bench[A-1]" time="0.0033299922943115234"></testcase><testcase classname="pytest_harvest.tests.test_doc_example_custom" file="pytest_harvest/tests/test_doc_example_custom.py" line="34" name="test_my_app_bench[A-2]" time="0.0028350353240966797"></testcase><testcase classname="pytest_harvest.tests.test_doc_example_custom" file="pytest_harvest/tests/test_doc_example_custom.py" line="34" name="test_my_app_bench[B-1]" time="0.003280162811279297"></testcase><testcase classname="pytest_harvest.tests.test_doc_example_custom" file="pytest_harvest/tests/test_doc_example_custom.py" line="34" name="test_my_app_bench[B-2]" time="0.003427267074584961"></testcase><testcase classname="pytest_harvest.tests.test_doc_example_custom" file="pytest_harvest/tests/test_doc_example_custom.py" line="34" name="test_my_app_bench[C-1]" time="0.003157377243041992"></testcase><testcase classname="pytest_harvest.tests.test_doc_example_custom" file="pytest_harvest/tests/test_doc_example_custom.py" line="34" name="test_my_app_bench[C-2]" time="0.0032334327697753906"></testcase><testcase classname="pytest_harvest.tests.test_doc_example_custom" file="pytest_harvest/tests/test_doc_example_custom.py" line="48" name="test_basic" time="0.0010230541229248047"></testcase><testcase classname="pytest_harvest.tests.test_doc_example_custom" file="pytest_harvest/tests/test_doc_example_custom.py" line="54" name="test_synthesis" time="0.011079788208007812"><system-out>
Keys:
test_my_app_bench[A-1]
test_my_app_bench[A-2]
test_my_app_bench[B-1]
test_my_app_bench[B-2]
test_my_app_bench[C-1]
test_my_app_bench[C-2]
test_basic

First node:
&apos;pytest_obj&apos;: &lt;function test_my_app_bench at 0x7fe305221840&gt;
&apos;status&apos;: &apos;passed&apos;
&apos;duration_ms&apos;: 0.39196014404296875
&apos;algo_param&apos;: 1
&apos;dataset_param&apos;: &apos;A&apos;
&apos;dataset&apos;: &apos;my dataset #A&apos;
&apos;accuracy&apos;: 0.9890588926500548
test_id                 status      duration_ms    algo_param  dataset_param    dataset          accuracy
----------------------  --------  -------------  ------------  ---------------  -------------  ----------
test_my_app_bench[A-1]  passed         0.39196              1  A                my dataset #A    0.989059
test_my_app_bench[A-2]  passed         0.37837              2  A                my dataset #A    0.853653
test_my_app_bench[B-1]  passed         0.400066             1  B                my dataset #B    0.837547
test_my_app_bench[B-2]  passed         0.386                2  B                my dataset #B    0.902636
test_my_app_bench[C-1]  passed         0.406265             1  C                my dataset #C    0.31511
test_my_app_bench[C-2]  passed         0.372648             2  C                my dataset #C    0.576551
test_basic              passed         0.297308           nan  nan              nan            nan
</system-out></testcase><testcase classname="pytest_harvest.tests.test_results_bag_basic" file="pytest_harvest/tests/test_results_bag_basic.py" line="3" name="test_results_bag_basic" time="0.0036177635192871094"></testcase></testsuite>