<?xml version="1.0" encoding="utf-8"?><testsuite errors="0" failures="0" name="pytest" skips="0" tests="3" time="0.267"><testcase classname="pytest_harvest.tests.test_all" file="pytest_harvest/tests/test_all.py" line="20" name="test_run_all_tests[test_saved_fixture_in_fixture.py]" time="0.08010292053222656"><system-out>
Testing that running pytest on file test_saved_fixture_in_fixture.py results in {&apos;passed&apos;: 2, &apos;failed&apos;: 0}
============================= test session starts ==============================
platform linux -- Python 3.5.6, pytest-3.8.1, py-1.6.0, pluggy-0.7.1
rootdir: /tmp/pytest-of-travis/pytest-0/test_run_all_tests0, inifile:
plugins: html-1.9.0, cov-2.6.0
collected 2 items

test_run_all_tests.py ..                                                 [100%]

=========================== 2 passed in 0.04 seconds ===========================
</system-out></testcase><testcase classname="pytest_harvest.tests.test_all" file="pytest_harvest/tests/test_all.py" line="20" name="test_run_all_tests[test_get_session_results.py]" time="0.05308890342712402"><system-out>
Testing that running pytest on file test_get_session_results.py results in {&apos;passed&apos;: 2, &apos;failed&apos;: 0}
============================= test session starts ==============================
platform linux -- Python 3.5.6, pytest-3.8.1, py-1.6.0, pluggy-0.7.1
rootdir: /tmp/pytest-of-travis/pytest-0/test_run_all_tests1, inifile:
plugins: html-1.9.0, cov-2.6.0
collected 2 items

test_run_all_tests.py ..                                                 [100%]

=========================== 2 passed in 0.02 seconds ===========================
</system-out></testcase><testcase classname="pytest_harvest.tests.test_all" file="pytest_harvest/tests/test_all.py" line="20" name="test_run_all_tests[test_saved_fixture_in_global_var.py]" time="0.059780120849609375"><system-out>
Testing that running pytest on file test_saved_fixture_in_global_var.py results in {&apos;passed&apos;: 2, &apos;failed&apos;: 0}
============================= test session starts ==============================
platform linux -- Python 3.5.6, pytest-3.8.1, py-1.6.0, pluggy-0.7.1
rootdir: /tmp/pytest-of-travis/pytest-0/test_run_all_tests2, inifile:
plugins: html-1.9.0, cov-2.6.0
collected 2 items

test_run_all_tests.py ..                                                 [100%]

=========================== 2 passed in 0.02 seconds ===========================
</system-out></testcase></testsuite>