<?xml version="1.0" encoding="utf-8"?><testsuite errors="0" failures="0" name="pytest" skips="0" tests="4" time="0.391"><testcase classname="pytest_harvest.tests.test_all" file="pytest_harvest/tests/test_all.py" line="21" name="test_run_all_tests[test_saved_fixture_in_fixture.py]" time="0.08159756660461426"><system-out>
Testing that running pytest on file test_saved_fixture_in_fixture.py results in {&apos;passed&apos;: 2, &apos;failed&apos;: 0}
============================= test session starts ==============================
platform linux -- Python 3.5.6, pytest-3.8.1, py-1.6.0, pluggy-0.7.1
rootdir: /tmp/pytest-of-travis/pytest-0/test_run_all_tests0, inifile:
plugins: metadata-1.7.0, html-1.19.0, harvest-0.5.0, cov-2.6.0
collected 2 items

test_run_all_tests.py ..                                                 [100%]

=========================== 2 passed in 0.04 seconds ===========================
</system-out></testcase><testcase classname="pytest_harvest.tests.test_all" file="pytest_harvest/tests/test_all.py" line="21" name="test_run_all_tests[test_results_bags.py]" time="0.06556558609008789"><system-out>
Testing that running pytest on file test_results_bags.py results in {&apos;skipped&apos;: 0, &apos;passed&apos;: 6, &apos;failed&apos;: 0}
============================= test session starts ==============================
platform linux -- Python 3.5.6, pytest-3.8.1, py-1.6.0, pluggy-0.7.1
rootdir: /tmp/pytest-of-travis/pytest-0/test_run_all_tests1, inifile:
plugins: metadata-1.7.0, html-1.19.0, harvest-0.5.0, cov-2.6.0
collected 6 items

test_run_all_tests.py ......                                             [100%]

=========================== 6 passed in 0.03 seconds ===========================
</system-out></testcase><testcase classname="pytest_harvest.tests.test_all" file="pytest_harvest/tests/test_all.py" line="21" name="test_run_all_tests[test_get_session_results.py]" time="0.09424018859863281"><system-out>
Testing that running pytest on file test_get_session_results.py results in {&apos;skipped&apos;: 1, &apos;passed&apos;: 4, &apos;failed&apos;: 1}
============================= test session starts ==============================
platform linux -- Python 3.5.6, pytest-3.8.1, py-1.6.0, pluggy-0.7.1
rootdir: /tmp/pytest-of-travis/pytest-0/test_run_all_tests2, inifile:
plugins: metadata-1.7.0, html-1.19.0, harvest-0.5.0, cov-2.6.0
collected 6 items

test_run_all_tests.py ....sF                                             [100%]

=================================== FAILURES ===================================
_________________________________ test_failing _________________________________

    def test_failing():
&gt;       pytest.fail(&quot;oh&quot;)
E       Failed: oh

test_run_all_tests.py:48: Failed
--------------------------- Captured stdout teardown ---------------------------
{&apos;test_run_all_tests.py::test_failing&apos;: {&apos;pytest_duration&apos;: 0.0004119873046875,
                                         &apos;pytest_obj&apos;: &lt;function test_failing at 0x7fabc8353d08&gt;,
                                         &apos;pytest_params&apos;: {},
                                         &apos;pytest_status&apos;: &apos;failed&apos;,
                                         &apos;pytest_status_details&apos;: {&apos;call&apos;: (&apos;failed&apos;,
                                                                            0.0004119873046875),
                                                                   &apos;setup&apos;: (&apos;passed&apos;,
                                                                             0.00025773048400878906)}},
 &apos;test_run_all_tests.py::test_foo[1-hello]&apos;: {&apos;pytest_duration&apos;: 0.00023603439331054688,
                                              &apos;pytest_obj&apos;: &lt;function test_foo at 0x7fabc8353d90&gt;,
                                              &apos;pytest_params&apos;: {&apos;a_number_str&apos;: 1,
                                                                &apos;p&apos;: &apos;hello&apos;},
                                              &apos;pytest_status&apos;: &apos;passed&apos;,
                                              &apos;pytest_status_details&apos;: {&apos;call&apos;: (&apos;passed&apos;,
                                                                                 0.00023603439331054688),
                                                                        &apos;setup&apos;: (&apos;passed&apos;,
                                                                                  0.0008294582366943359),
                                                                        &apos;teardown&apos;: (&apos;passed&apos;,
                                                                                     0.00032901763916015625)}},
 &apos;test_run_all_tests.py::test_foo[1-world]&apos;: {&apos;pytest_duration&apos;: 0.0002586841583251953,
                                              &apos;pytest_obj&apos;: &lt;function test_foo at 0x7fabc8353d90&gt;,
                                              &apos;pytest_params&apos;: {&apos;a_number_str&apos;: 1,
                                                                &apos;p&apos;: &apos;world&apos;},
                                              &apos;pytest_status&apos;: &apos;passed&apos;,
                                              &apos;pytest_status_details&apos;: {&apos;call&apos;: (&apos;passed&apos;,
                                                                                 0.0002586841583251953),
                                                                        &apos;setup&apos;: (&apos;passed&apos;,
                                                                                  0.0005421638488769531),
                                                                        &apos;teardown&apos;: (&apos;passed&apos;,
                                                                                     0.00032210350036621094)}},
 &apos;test_run_all_tests.py::test_foo[2-hello]&apos;: {&apos;pytest_duration&apos;: 0.00021338462829589844,
                                              &apos;pytest_obj&apos;: &lt;function test_foo at 0x7fabc8353d90&gt;,
                                              &apos;pytest_params&apos;: {&apos;a_number_str&apos;: 2,
                                                                &apos;p&apos;: &apos;hello&apos;},
                                              &apos;pytest_status&apos;: &apos;passed&apos;,
                                              &apos;pytest_status_details&apos;: {&apos;call&apos;: (&apos;passed&apos;,
                                                                                 0.00021338462829589844),
                                                                        &apos;setup&apos;: (&apos;passed&apos;,
                                                                                  0.0005388259887695312),
                                                                        &apos;teardown&apos;: (&apos;passed&apos;,
                                                                                     0.0002841949462890625)}},
 &apos;test_run_all_tests.py::test_foo[2-world]&apos;: {&apos;pytest_duration&apos;: 0.00020813941955566406,
                                              &apos;pytest_obj&apos;: &lt;function test_foo at 0x7fabc8353d90&gt;,
                                              &apos;pytest_params&apos;: {&apos;a_number_str&apos;: 2,
                                                                &apos;p&apos;: &apos;world&apos;},
                                              &apos;pytest_status&apos;: &apos;passed&apos;,
                                              &apos;pytest_status_details&apos;: {&apos;call&apos;: (&apos;passed&apos;,
                                                                                 0.00020813941955566406),
                                                                        &apos;setup&apos;: (&apos;passed&apos;,
                                                                                  0.0005290508270263672),
                                                                        &apos;teardown&apos;: (&apos;passed&apos;,
                                                                                     0.00031113624572753906)}},
 &apos;test_run_all_tests.py::test_skipped&apos;: {&apos;pytest_duration&apos;: 0.00041937828063964844,
                                         &apos;pytest_obj&apos;: &lt;function test_skipped at 0x7fabc8353e18&gt;,
                                         &apos;pytest_params&apos;: {},
                                         &apos;pytest_status&apos;: &apos;skipped&apos;,
                                         &apos;pytest_status_details&apos;: {&apos;call&apos;: (&apos;skipped&apos;,
                                                                            0.00041937828063964844),
                                                                   &apos;setup&apos;: (&apos;passed&apos;,
                                                                             0.0002849102020263672),
                                                                   &apos;teardown&apos;: (&apos;passed&apos;,
                                                                                0.00020456314086914062)}}}
================ 1 failed, 4 passed, 1 skipped in 0.05 seconds =================
</system-out></testcase><testcase classname="pytest_harvest.tests.test_all" file="pytest_harvest/tests/test_all.py" line="21" name="test_run_all_tests[test_saved_fixture_in_global_var.py]" time="0.061162710189819336"><system-out>
Testing that running pytest on file test_saved_fixture_in_global_var.py results in {&apos;passed&apos;: 2, &apos;failed&apos;: 0}
============================= test session starts ==============================
platform linux -- Python 3.5.6, pytest-3.8.1, py-1.6.0, pluggy-0.7.1
rootdir: /tmp/pytest-of-travis/pytest-0/test_run_all_tests3, inifile:
plugins: metadata-1.7.0, html-1.19.0, harvest-0.5.0, cov-2.6.0
collected 2 items

test_run_all_tests.py ..                                                 [100%]

=========================== 2 passed in 0.02 seconds ===========================
</system-out></testcase></testsuite>