<?xml version="1.0" encoding="utf-8"?><testsuite errors="0" failures="0" name="pytest" skips="0" tests="4" time="0.425"><testcase classname="pytest_harvest.tests.test_all" file="pytest_harvest/tests/test_all.py" line="21" name="test_run_all_tests[test_saved_fixture_in_fixture.py]" time="0.08902621269226074"><system-out>
Testing that running pytest on file test_saved_fixture_in_fixture.py results in {&apos;failed&apos;: 0, &apos;passed&apos;: 2}
============================= test session starts ==============================
platform linux -- Python 3.5.6, pytest-3.8.1, py-1.6.0, pluggy-0.7.1
rootdir: /tmp/pytest-of-travis/pytest-0/test_run_all_tests0, inifile:
plugins: metadata-1.7.0, html-1.19.0, harvest-0.5.1.dev2+g46c164a, cov-2.6.0
collected 2 items

test_run_all_tests.py ..                                                 [100%]

=========================== 2 passed in 0.05 seconds ===========================
</system-out></testcase><testcase classname="pytest_harvest.tests.test_all" file="pytest_harvest/tests/test_all.py" line="21" name="test_run_all_tests[test_results_bags.py]" time="0.0743105411529541"><system-out>
Testing that running pytest on file test_results_bags.py results in {&apos;failed&apos;: 0, &apos;skipped&apos;: 0, &apos;passed&apos;: 6}
============================= test session starts ==============================
platform linux -- Python 3.5.6, pytest-3.8.1, py-1.6.0, pluggy-0.7.1
rootdir: /tmp/pytest-of-travis/pytest-0/test_run_all_tests1, inifile:
plugins: metadata-1.7.0, html-1.19.0, harvest-0.5.1.dev2+g46c164a, cov-2.6.0
collected 6 items

test_run_all_tests.py ......                                             [100%]

=========================== 6 passed in 0.04 seconds ===========================
</system-out></testcase><testcase classname="pytest_harvest.tests.test_all" file="pytest_harvest/tests/test_all.py" line="21" name="test_run_all_tests[test_get_session_results.py]" time="0.10011172294616699"><system-out>
Testing that running pytest on file test_get_session_results.py results in {&apos;failed&apos;: 1, &apos;skipped&apos;: 1, &apos;passed&apos;: 4}
============================= test session starts ==============================
platform linux -- Python 3.5.6, pytest-3.8.1, py-1.6.0, pluggy-0.7.1
rootdir: /tmp/pytest-of-travis/pytest-0/test_run_all_tests2, inifile:
plugins: metadata-1.7.0, html-1.19.0, harvest-0.5.1.dev2+g46c164a, cov-2.6.0
collected 6 items

test_run_all_tests.py ....sF                                             [100%]

=================================== FAILURES ===================================
_________________________________ test_failing _________________________________

    def test_failing():
&gt;       pytest.fail(&quot;oh&quot;)
E       Failed: oh

test_run_all_tests.py:48: Failed
--------------------------- Captured stdout teardown ---------------------------
{&apos;test_run_all_tests.py::test_failing&apos;: {&apos;pytest_duration&apos;: 0.00042319297790527344,
                                         &apos;pytest_obj&apos;: &lt;function test_failing at 0x7f8d0ee72048&gt;,
                                         &apos;pytest_params&apos;: {},
                                         &apos;pytest_status&apos;: &apos;failed&apos;,
                                         &apos;pytest_status_details&apos;: {&apos;call&apos;: (&apos;failed&apos;,
                                                                            0.00042319297790527344),
                                                                   &apos;setup&apos;: (&apos;passed&apos;,
                                                                             0.0002894401550292969)}},
 &apos;test_run_all_tests.py::test_foo[1-hello]&apos;: {&apos;pytest_duration&apos;: 0.0002970695495605469,
                                              &apos;pytest_obj&apos;: &lt;function test_foo at 0x7f8d0ee72268&gt;,
                                              &apos;pytest_params&apos;: {&apos;a_number_str&apos;: 1,
                                                                &apos;p&apos;: &apos;hello&apos;},
                                              &apos;pytest_status&apos;: &apos;passed&apos;,
                                              &apos;pytest_status_details&apos;: {&apos;call&apos;: (&apos;passed&apos;,
                                                                                 0.0002970695495605469),
                                                                        &apos;setup&apos;: (&apos;passed&apos;,
                                                                                  0.0009548664093017578),
                                                                        &apos;teardown&apos;: (&apos;passed&apos;,
                                                                                     0.0003027915954589844)}},
 &apos;test_run_all_tests.py::test_foo[1-world]&apos;: {&apos;pytest_duration&apos;: 0.00023102760314941406,
                                              &apos;pytest_obj&apos;: &lt;function test_foo at 0x7f8d0ee72268&gt;,
                                              &apos;pytest_params&apos;: {&apos;a_number_str&apos;: 1,
                                                                &apos;p&apos;: &apos;world&apos;},
                                              &apos;pytest_status&apos;: &apos;passed&apos;,
                                              &apos;pytest_status_details&apos;: {&apos;call&apos;: (&apos;passed&apos;,
                                                                                 0.00023102760314941406),
                                                                        &apos;setup&apos;: (&apos;passed&apos;,
                                                                                  0.0005588531494140625),
                                                                        &apos;teardown&apos;: (&apos;passed&apos;,
                                                                                     0.0002770423889160156)}},
 &apos;test_run_all_tests.py::test_foo[2-hello]&apos;: {&apos;pytest_duration&apos;: 0.00022411346435546875,
                                              &apos;pytest_obj&apos;: &lt;function test_foo at 0x7f8d0ee72268&gt;,
                                              &apos;pytest_params&apos;: {&apos;a_number_str&apos;: 2,
                                                                &apos;p&apos;: &apos;hello&apos;},
                                              &apos;pytest_status&apos;: &apos;passed&apos;,
                                              &apos;pytest_status_details&apos;: {&apos;call&apos;: (&apos;passed&apos;,
                                                                                 0.00022411346435546875),
                                                                        &apos;setup&apos;: (&apos;passed&apos;,
                                                                                  0.0005490779876708984),
                                                                        &apos;teardown&apos;: (&apos;passed&apos;,
                                                                                     0.00027370452880859375)}},
 &apos;test_run_all_tests.py::test_foo[2-world]&apos;: {&apos;pytest_duration&apos;: 0.00024366378784179688,
                                              &apos;pytest_obj&apos;: &lt;function test_foo at 0x7f8d0ee72268&gt;,
                                              &apos;pytest_params&apos;: {&apos;a_number_str&apos;: 2,
                                                                &apos;p&apos;: &apos;world&apos;},
                                              &apos;pytest_status&apos;: &apos;passed&apos;,
                                              &apos;pytest_status_details&apos;: {&apos;call&apos;: (&apos;passed&apos;,
                                                                                 0.00024366378784179688),
                                                                        &apos;setup&apos;: (&apos;passed&apos;,
                                                                                  0.0005316734313964844),
                                                                        &apos;teardown&apos;: (&apos;passed&apos;,
                                                                                     0.0002694129943847656)}},
 &apos;test_run_all_tests.py::test_skipped&apos;: {&apos;pytest_duration&apos;: 0.000457763671875,
                                         &apos;pytest_obj&apos;: &lt;function test_skipped at 0x7f8d0ee722f0&gt;,
                                         &apos;pytest_params&apos;: {},
                                         &apos;pytest_status&apos;: &apos;skipped&apos;,
                                         &apos;pytest_status_details&apos;: {&apos;call&apos;: (&apos;skipped&apos;,
                                                                            0.000457763671875),
                                                                   &apos;setup&apos;: (&apos;passed&apos;,
                                                                             0.00029587745666503906),
                                                                   &apos;teardown&apos;: (&apos;passed&apos;,
                                                                                0.00020694732666015625)}}}
================ 1 failed, 4 passed, 1 skipped in 0.06 seconds =================
</system-out></testcase><testcase classname="pytest_harvest.tests.test_all" file="pytest_harvest/tests/test_all.py" line="21" name="test_run_all_tests[test_saved_fixture_in_global_var.py]" time="0.06645727157592773"><system-out>
Testing that running pytest on file test_saved_fixture_in_global_var.py results in {&apos;failed&apos;: 0, &apos;passed&apos;: 2}
============================= test session starts ==============================
platform linux -- Python 3.5.6, pytest-3.8.1, py-1.6.0, pluggy-0.7.1
rootdir: /tmp/pytest-of-travis/pytest-0/test_run_all_tests3, inifile:
plugins: metadata-1.7.0, html-1.19.0, harvest-0.5.1.dev2+g46c164a, cov-2.6.0
collected 2 items

test_run_all_tests.py ..                                                 [100%]

=========================== 2 passed in 0.03 seconds ===========================
</system-out></testcase></testsuite>