<?xml version="1.0" encoding="utf-8"?><testsuite errors="0" failures="0" name="pytest" skips="0" tests="4" time="0.408"><testcase classname="pytest_harvest.tests.test_all" file="pytest_harvest/tests/test_all.py" line="21" name="test_run_all_tests[test_saved_fixture_in_fixture.py]" time="0.08552861213684082"><system-out>
Testing that running pytest on file test_saved_fixture_in_fixture.py results in {&apos;passed&apos;: 2, &apos;failed&apos;: 0}
============================= test session starts ==============================
platform linux -- Python 3.5.6, pytest-3.8.1, py-1.6.0, pluggy-0.7.1
rootdir: /tmp/pytest-of-travis/pytest-0/test_run_all_tests0, inifile:
plugins: metadata-1.7.0, html-1.19.0, harvest-0.5.1.dev1+gf56995f, cov-2.6.0
collected 2 items

test_run_all_tests.py ..                                                 [100%]

=========================== 2 passed in 0.04 seconds ===========================
</system-out></testcase><testcase classname="pytest_harvest.tests.test_all" file="pytest_harvest/tests/test_all.py" line="21" name="test_run_all_tests[test_results_bags.py]" time="0.0691213607788086"><system-out>
Testing that running pytest on file test_results_bags.py results in {&apos;passed&apos;: 6, &apos;failed&apos;: 0, &apos;skipped&apos;: 0}
============================= test session starts ==============================
platform linux -- Python 3.5.6, pytest-3.8.1, py-1.6.0, pluggy-0.7.1
rootdir: /tmp/pytest-of-travis/pytest-0/test_run_all_tests1, inifile:
plugins: metadata-1.7.0, html-1.19.0, harvest-0.5.1.dev1+gf56995f, cov-2.6.0
collected 6 items

test_run_all_tests.py ......                                             [100%]

=========================== 6 passed in 0.03 seconds ===========================
</system-out></testcase><testcase classname="pytest_harvest.tests.test_all" file="pytest_harvest/tests/test_all.py" line="21" name="test_run_all_tests[test_get_session_results.py]" time="0.0955965518951416"><system-out>
Testing that running pytest on file test_get_session_results.py results in {&apos;passed&apos;: 4, &apos;failed&apos;: 1, &apos;skipped&apos;: 1}
============================= test session starts ==============================
platform linux -- Python 3.5.6, pytest-3.8.1, py-1.6.0, pluggy-0.7.1
rootdir: /tmp/pytest-of-travis/pytest-0/test_run_all_tests2, inifile:
plugins: metadata-1.7.0, html-1.19.0, harvest-0.5.1.dev1+gf56995f, cov-2.6.0
collected 6 items

test_run_all_tests.py ....sF                                             [100%]

=================================== FAILURES ===================================
_________________________________ test_failing _________________________________

    def test_failing():
&gt;       pytest.fail(&quot;oh&quot;)
E       Failed: oh

test_run_all_tests.py:48: Failed
--------------------------- Captured stdout teardown ---------------------------
{&apos;test_run_all_tests.py::test_failing&apos;: {&apos;pytest_duration&apos;: 0.00041365623474121094,
                                         &apos;pytest_obj&apos;: &lt;function test_failing at 0x7f11302e1048&gt;,
                                         &apos;pytest_params&apos;: {},
                                         &apos;pytest_status&apos;: &apos;failed&apos;,
                                         &apos;pytest_status_details&apos;: {&apos;call&apos;: (&apos;failed&apos;,
                                                                            0.00041365623474121094),
                                                                   &apos;setup&apos;: (&apos;passed&apos;,
                                                                             0.00029015541076660156)}},
 &apos;test_run_all_tests.py::test_foo[1-hello]&apos;: {&apos;pytest_duration&apos;: 0.000263214111328125,
                                              &apos;pytest_obj&apos;: &lt;function test_foo at 0x7f11302e1268&gt;,
                                              &apos;pytest_params&apos;: {&apos;a_number_str&apos;: 1,
                                                                &apos;p&apos;: &apos;hello&apos;},
                                              &apos;pytest_status&apos;: &apos;passed&apos;,
                                              &apos;pytest_status_details&apos;: {&apos;call&apos;: (&apos;passed&apos;,
                                                                                 0.000263214111328125),
                                                                        &apos;setup&apos;: (&apos;passed&apos;,
                                                                                  0.0008876323699951172),
                                                                        &apos;teardown&apos;: (&apos;passed&apos;,
                                                                                     0.0002949237823486328)}},
 &apos;test_run_all_tests.py::test_foo[1-world]&apos;: {&apos;pytest_duration&apos;: 0.00023555755615234375,
                                              &apos;pytest_obj&apos;: &lt;function test_foo at 0x7f11302e1268&gt;,
                                              &apos;pytest_params&apos;: {&apos;a_number_str&apos;: 1,
                                                                &apos;p&apos;: &apos;world&apos;},
                                              &apos;pytest_status&apos;: &apos;passed&apos;,
                                              &apos;pytest_status_details&apos;: {&apos;call&apos;: (&apos;passed&apos;,
                                                                                 0.00023555755615234375),
                                                                        &apos;setup&apos;: (&apos;passed&apos;,
                                                                                  0.0006003379821777344),
                                                                        &apos;teardown&apos;: (&apos;passed&apos;,
                                                                                     0.0002732276916503906)}},
 &apos;test_run_all_tests.py::test_foo[2-hello]&apos;: {&apos;pytest_duration&apos;: 0.00023102760314941406,
                                              &apos;pytest_obj&apos;: &lt;function test_foo at 0x7f11302e1268&gt;,
                                              &apos;pytest_params&apos;: {&apos;a_number_str&apos;: 2,
                                                                &apos;p&apos;: &apos;hello&apos;},
                                              &apos;pytest_status&apos;: &apos;passed&apos;,
                                              &apos;pytest_status_details&apos;: {&apos;call&apos;: (&apos;passed&apos;,
                                                                                 0.00023102760314941406),
                                                                        &apos;setup&apos;: (&apos;passed&apos;,
                                                                                  0.0005583763122558594),
                                                                        &apos;teardown&apos;: (&apos;passed&apos;,
                                                                                     0.000278472900390625)}},
 &apos;test_run_all_tests.py::test_foo[2-world]&apos;: {&apos;pytest_duration&apos;: 0.00021767616271972656,
                                              &apos;pytest_obj&apos;: &lt;function test_foo at 0x7f11302e1268&gt;,
                                              &apos;pytest_params&apos;: {&apos;a_number_str&apos;: 2,
                                                                &apos;p&apos;: &apos;world&apos;},
                                              &apos;pytest_status&apos;: &apos;passed&apos;,
                                              &apos;pytest_status_details&apos;: {&apos;call&apos;: (&apos;passed&apos;,
                                                                                 0.00021767616271972656),
                                                                        &apos;setup&apos;: (&apos;passed&apos;,
                                                                                  0.0005259513854980469),
                                                                        &apos;teardown&apos;: (&apos;passed&apos;,
                                                                                     0.0002663135528564453)}},
 &apos;test_run_all_tests.py::test_skipped&apos;: {&apos;pytest_duration&apos;: 0.00043964385986328125,
                                         &apos;pytest_obj&apos;: &lt;function test_skipped at 0x7f11302e12f0&gt;,
                                         &apos;pytest_params&apos;: {},
                                         &apos;pytest_status&apos;: &apos;skipped&apos;,
                                         &apos;pytest_status_details&apos;: {&apos;call&apos;: (&apos;skipped&apos;,
                                                                            0.00043964385986328125),
                                                                   &apos;setup&apos;: (&apos;passed&apos;,
                                                                             0.0003046989440917969),
                                                                   &apos;teardown&apos;: (&apos;passed&apos;,
                                                                                0.00020313262939453125)}}}
================ 1 failed, 4 passed, 1 skipped in 0.06 seconds =================
</system-out></testcase><testcase classname="pytest_harvest.tests.test_all" file="pytest_harvest/tests/test_all.py" line="21" name="test_run_all_tests[test_saved_fixture_in_global_var.py]" time="0.06340503692626953"><system-out>
Testing that running pytest on file test_saved_fixture_in_global_var.py results in {&apos;passed&apos;: 2, &apos;failed&apos;: 0}
============================= test session starts ==============================
platform linux -- Python 3.5.6, pytest-3.8.1, py-1.6.0, pluggy-0.7.1
rootdir: /tmp/pytest-of-travis/pytest-0/test_run_all_tests3, inifile:
plugins: metadata-1.7.0, html-1.19.0, harvest-0.5.1.dev1+gf56995f, cov-2.6.0
collected 2 items

test_run_all_tests.py ..                                                 [100%]

=========================== 2 passed in 0.03 seconds ===========================
</system-out></testcase></testsuite>